0 info it worked if it ends with ok
1 verbose cli [ '/usr/local/Cellar/node/0.10.33/bin/node',
1 verbose cli   '/Users/humzaiqbal/.npm-packages/bin/npm',
1 verbose cli   'start' ]
2 info using npm@4.1.1
3 info using node@v5.8.0
4 verbose config Skipping project config: /Users/humzaiqbal/.npmrc. (matches userconfig)
5 verbose stack Error: missing script: start
5 verbose stack     at run (/Users/humzaiqbal/.npm-packages/lib/node_modules/npm/lib/run-script.js:151:19)
5 verbose stack     at /Users/humzaiqbal/.npm-packages/lib/node_modules/npm/lib/run-script.js:61:5
5 verbose stack     at /Users/humzaiqbal/.npm-packages/lib/node_modules/npm/node_modules/read-package-json/read-json.js:356:5
5 verbose stack     at checkBinReferences_ (/Users/humzaiqbal/.npm-packages/lib/node_modules/npm/node_modules/read-package-json/read-json.js:320:45)
5 verbose stack     at final (/Users/humzaiqbal/.npm-packages/lib/node_modules/npm/node_modules/read-package-json/read-json.js:354:3)
5 verbose stack     at then (/Users/humzaiqbal/.npm-packages/lib/node_modules/npm/node_modules/read-package-json/read-json.js:124:5)
5 verbose stack     at /Users/humzaiqbal/.npm-packages/lib/node_modules/npm/node_modules/read-package-json/read-json.js:311:12
5 verbose stack     at /Users/humzaiqbal/.npm-packages/lib/node_modules/npm/node_modules/graceful-fs/graceful-fs.js:78:16
5 verbose stack     at tryToString (fs.js:414:3)
5 verbose stack     at FSReqWrap.readFileAfterClose [as oncomplete] (fs.js:401:12)
6 verbose cwd /Users/humzaiqbal/Desktop/Practise/coursera_node/node-mongoose
7 error Darwin 16.4.0
8 error argv "/usr/local/Cellar/node/0.10.33/bin/node" "/Users/humzaiqbal/.npm-packages/bin/npm" "start"
9 error node v5.8.0
10 error npm  v4.1.1
11 error missing script: start
12 error If you need help, you may report this error at:
12 error     <https://github.com/npm/npm/issues>
13 verbose exit [ 1, true ]
