0 info it worked if it ends with ok
1 verbose cli [ '/usr/local/Cellar/node/0.10.33/bin/node',
1 verbose cli   '/Users/humzaiqbal/.npm-packages/bin/npm',
1 verbose cli   'start' ]
2 info using npm@4.1.1
3 info using node@v5.8.0
4 verbose run-script [ 'prestart', 'start', 'poststart' ]
5 info lifecycle node-express-gen@0.0.0~prestart: node-express-gen@0.0.0
6 silly lifecycle node-express-gen@0.0.0~prestart: no script for prestart, continuing
7 info lifecycle node-express-gen@0.0.0~start: node-express-gen@0.0.0
8 verbose lifecycle node-express-gen@0.0.0~start: unsafe-perm in lifecycle true
9 verbose lifecycle node-express-gen@0.0.0~start: PATH: /Users/humzaiqbal/.npm-packages/lib/node_modules/npm/bin/node-gyp-bin:/Users/humzaiqbal/Desktop/Practise/coursera_node/node-express-gen/node_modules/.bin:/Users/humzaiqbal/.npm-packages/bin:/Users/humzaiqbal/.npm-packages/bin:/usr/local/bin:/usr/bin:/bin:/usr/sbin:/sbin:/opt/X11/bin:/usr/local/go/bin:/Users/humzaiqbal/go/bin
10 verbose lifecycle node-express-gen@0.0.0~start: CWD: /Users/humzaiqbal/Desktop/Practise/coursera_node/node-express-gen
11 silly lifecycle node-express-gen@0.0.0~start: Args: [ '-c', 'node ./bin/www' ]
12 silly lifecycle node-express-gen@0.0.0~start: Returned: code: 1  signal: null
13 info lifecycle node-express-gen@0.0.0~start: Failed to exec start script
14 verbose stack Error: node-express-gen@0.0.0 start: `node ./bin/www`
14 verbose stack Exit status 1
14 verbose stack     at EventEmitter.<anonymous> (/Users/humzaiqbal/.npm-packages/lib/node_modules/npm/lib/utils/lifecycle.js:279:16)
14 verbose stack     at emitTwo (events.js:100:13)
14 verbose stack     at EventEmitter.emit (events.js:185:7)
14 verbose stack     at ChildProcess.<anonymous> (/Users/humzaiqbal/.npm-packages/lib/node_modules/npm/lib/utils/spawn.js:40:14)
14 verbose stack     at emitTwo (events.js:100:13)
14 verbose stack     at ChildProcess.emit (events.js:185:7)
14 verbose stack     at maybeClose (internal/child_process.js:850:16)
14 verbose stack     at Process.ChildProcess._handle.onexit (internal/child_process.js:215:5)
15 verbose pkgid node-express-gen@0.0.0
16 verbose cwd /Users/humzaiqbal/Desktop/Practise/coursera_node/node-express-gen
17 error Darwin 14.5.0
18 error argv "/usr/local/Cellar/node/0.10.33/bin/node" "/Users/humzaiqbal/.npm-packages/bin/npm" "start"
19 error node v5.8.0
20 error npm  v4.1.1
21 error code ELIFECYCLE
22 error node-express-gen@0.0.0 start: `node ./bin/www`
22 error Exit status 1
23 error Failed at the node-express-gen@0.0.0 start script 'node ./bin/www'.
23 error Make sure you have the latest version of node.js and npm installed.
23 error If you do, this is most likely a problem with the node-express-gen package,
23 error not with npm itself.
23 error Tell the author that this fails on your system:
23 error     node ./bin/www
23 error You can get information on how to open an issue for this project with:
23 error     npm bugs node-express-gen
23 error Or if that isn't available, you can get their info via:
23 error     npm owner ls node-express-gen
23 error There is likely additional logging output above.
24 verbose exit [ 1, true ]
